Determining if the pthread_create exist failed with the following output:
Change Dir: /usr/src/cppweb/hello_crow/build/CMakeFiles/CMakeTmp

Run Build Command:"/usr/bin/make" "cmTC_0891f/fast"
/usr/bin/make -f CMakeFiles/cmTC_0891f.dir/build.make CMakeFiles/cmTC_0891f.dir/build
make[1]: Entering directory '/usr/src/cppweb/hello_crow/build/CMakeFiles/CMakeTmp'
Building C object CMakeFiles/cmTC_0891f.dir/CheckSymbolExists.c.o
/usr/bin/cc     -o CMakeFiles/cmTC_0891f.dir/CheckSymbolExists.c.o   -c /usr/src/cppweb/hello_crow/build/CMakeFiles/CMakeTmp/CheckSymbolExists.c
Linking C executable cmTC_0891f
/usr/bin/cmake -E cmake_link_script CMakeFiles/cmTC_0891f.dir/link.txt --verbose=1
/usr/bin/cc       CMakeFiles/cmTC_0891f.dir/CheckSymbolExists.c.o  -o cmTC_0891f 
CMakeFiles/cmTC_0891f.dir/CheckSymbolExists.c.o: In function `main':
CheckSymbolExists.c:(.text+0x16): undefined reference to `pthread_create'
collect2: error: ld returned 1 exit status
CMakeFiles/cmTC_0891f.dir/build.make:97: recipe for target 'cmTC_0891f' failed
make[1]: *** [cmTC_0891f] Error 1
make[1]: Leaving directory '/usr/src/cppweb/hello_crow/build/CMakeFiles/CMakeTmp'
Makefile:126: recipe for target 'cmTC_0891f/fast' failed
make: *** [cmTC_0891f/fast] Error 2

File /usr/src/cppweb/hello_crow/build/CMakeFiles/CMakeTmp/CheckSymbolExists.c:
/* */
#include <pthread.h>

int main(int argc, char** argv)
{
  (void)argv;
#ifndef pthread_create
  return ((int*)(&pthread_create))[argc];
#else
  (void)argc;
  return 0;
#endif
}

